{"/Users/mwinberry/npmPackages/DocTS/src/Classes/DocApp.ts": {"path":"/Users/mwinberry/npmPackages/DocTS/src/Classes/DocApp.ts","statementMap":{"0":{"start":{"line":2,"column":0},"end":{"line":2,"column":85}},"1":{"start":{"line":6,"column":2},"end":{"line":6,"column":26}},"2":{"start":{"line":44,"column":2},"end":{"line":64,"column":4}},"3":{"start":{"line":45,"column":4},"end":{"line":63,"column":6}},"4":{"start":{"line":55,"column":27},"end":{"line":55,"column":29}},"5":{"start":{"line":56,"column":10},"end":{"line":58,"column":13}},"6":{"start":{"line":57,"column":12},"end":{"line":57,"column":115}},"7":{"start":{"line":59,"column":10},"end":{"line":59,"column":28}},"8":{"start":{"line":15,"column":4},"end":{"line":15,"column":21}},"9":{"start":{"line":16,"column":4},"end":{"line":16,"column":27}},"10":{"start":{"line":17,"column":4},"end":{"line":17,"column":35}},"11":{"start":{"line":18,"column":4},"end":{"line":18,"column":33}},"12":{"start":{"line":19,"column":4},"end":{"line":19,"column":19}},"13":{"start":{"line":20,"column":4},"end":{"line":20,"column":25}},"14":{"start":{"line":21,"column":4},"end":{"line":21,"column":71}},"15":{"start":{"line":21,"column":17},"end":{"line":21,"column":71}},"16":{"start":{"line":22,"column":4},"end":{"line":22,"column":33}},"17":{"start":{"line":23,"column":4},"end":{"line":23,"column":33}},"18":{"start":{"line":27,"column":4},"end":{"line":27,"column":73}},"19":{"start":{"line":27,"column":32},"end":{"line":27,"column":73}},"20":{"start":{"line":31,"column":4},"end":{"line":37,"column":7}},"21":{"start":{"line":32,"column":6},"end":{"line":36,"column":null}},"22":{"start":{"line":33,"column":8},"end":{"line":33,"column":58}},"23":{"start":{"line":34,"column":8},"end":{"line":34,"column":50}},"24":{"start":{"line":35,"column":8},"end":{"line":35,"column":65}},"25":{"start":{"line":39,"column":4},"end":{"line":39,"column":41}},"26":{"start":{"line":41,"column":4},"end":{"line":41,"column":54}},"27":{"start":{"line":5,"column":0},"end":{"line":5,"column":13}}},"fnMap":{"0":{"name":"(anonymous_0)","decl":{"start":{"line":14,"column":2},"end":{"line":14,"column":14}},"loc":{"start":{"line":14,"column":105},"end":{"line":24,"column":3}}},"1":{"name":"(anonymous_1)","decl":{"start":{"line":44,"column":8},"end":{"line":44,"column":9}},"loc":{"start":{"line":44,"column":47},"end":{"line":64,"column":3}}},"2":{"name":"(anonymous_2)","decl":{"start":{"line":54,"column":11},"end":{"line":54,"column":14}},"loc":{"start":{"line":54,"column":16},"end":{"line":60,"column":9}}},"3":{"name":"(anonymous_3)","decl":{"start":{"line":56,"column":30},"end":{"line":56,"column":33}},"loc":{"start":{"line":56,"column":36},"end":{"line":58,"column":11}}},"4":{"name":"(anonymous_4)","decl":{"start":{"line":26,"column":2},"end":{"line":26,"column":23}},"loc":{"start":{"line":26,"column":23},"end":{"line":28,"column":3}}},"5":{"name":"(anonymous_5)","decl":{"start":{"line":30,"column":2},"end":{"line":30,"column":23}},"loc":{"start":{"line":30,"column":23},"end":{"line":42,"column":3}}},"6":{"name":"(anonymous_6)","decl":{"start":{"line":31,"column":29},"end":{"line":31,"column":39}},"loc":{"start":{"line":31,"column":42},"end":{"line":37,"column":5}}}},"branchMap":{"0":{"loc":{"start":{"line":14,"column":23},"end":{"line":14,"column":25}},"type":"default-arg","locations":[{"start":{"line":14,"column":23},"end":{"line":14,"column":25}}]},"1":{"loc":{"start":{"line":14,"column":37},"end":{"line":14,"column":41}},"type":"default-arg","locations":[{"start":{"line":14,"column":37},"end":{"line":14,"column":41}}]},"2":{"loc":{"start":{"line":14,"column":57},"end":{"line":14,"column":59}},"type":"default-arg","locations":[{"start":{"line":14,"column":57},"end":{"line":14,"column":59}}]},"3":{"loc":{"start":{"line":14,"column":74},"end":{"line":14,"column":76}},"type":"default-arg","locations":[{"start":{"line":14,"column":74},"end":{"line":14,"column":76}}]},"4":{"loc":{"start":{"line":21,"column":4},"end":{"line":21,"column":71}},"type":"if","locations":[{"start":{"line":21,"column":4},"end":{"line":21,"column":71}},{"start":{"line":21,"column":4},"end":{"line":21,"column":71}}]},"5":{"loc":{"start":{"line":27,"column":4},"end":{"line":27,"column":73}},"type":"if","locations":[{"start":{"line":27,"column":4},"end":{"line":27,"column":73}},{"start":{"line":27,"column":4},"end":{"line":27,"column":73}}]},"6":{"loc":{"start":{"line":32,"column":6},"end":{"line":36,"column":null}},"type":"if","locations":[{"start":{"line":32,"column":6},"end":{"line":36,"column":null}},{"start":{"line":32,"column":6},"end":{"line":36,"column":null}}]},"7":{"loc":{"start":{"line":41,"column":4},"end":{"line":41,"column":16}},"type":"binary-expr","locations":[{"start":{"line":41,"column":4},"end":{"line":41,"column":16}},{"start":{"line":41,"column":20},"end":{"line":41,"column":53}}]}},"s":{"0":0,"1":0,"2":0,"3":0,"4":0,"5":0,"6":0,"7":0,"8":0,"9":0,"10":0,"11":0,"12":0,"13":0,"14":0,"15":0,"16":0,"17":0,"18":0,"19":0,"20":0,"21":0,"22":0,"23":0,"24":0,"25":0,"26":0,"27":0},"f":{"0":0,"1":0,"2":0,"3":0,"4":0,"5":0,"6":0},"b":{"0":[0],"1":[0],"2":[0],"3":[0],"4":[0,0],"5":[0,0],"6":[0,0],"7":[0,0]}}
,"/Users/mwinberry/npmPackages/DocTS/src/Decorators/Controller.ts": {"path":"/Users/mwinberry/npmPackages/DocTS/src/Decorators/Controller.ts","statementMap":{"0":{"start":{"line":5,"column":2},"end":{"line":10,"column":4}},"1":{"start":{"line":6,"column":26},"end":{"line":6,"column":60}},"2":{"start":{"line":7,"column":4},"end":{"line":7,"column":30}},"3":{"start":{"line":8,"column":4},"end":{"line":8,"column":76}},"4":{"start":{"line":9,"column":4},"end":{"line":9,"column":18}},"5":{"start":{"line":4,"column":0},"end":{"line":4,"column":16}},"6":{"start":{"line":14,"column":2},"end":{"line":20,"column":null}},"7":{"start":{"line":15,"column":4},"end":{"line":19,"column":6}},"8":{"start":{"line":21,"column":2},"end":{"line":21,"column":30}},"9":{"start":{"line":13,"column":0},"end":{"line":13,"column":16}},"10":{"start":{"line":25,"column":19},"end":{"line":25,"column":47}},"11":{"start":{"line":26,"column":2},"end":{"line":26,"column":81}},"12":{"start":{"line":26,"column":34},"end":{"line":26,"column":81}},"13":{"start":{"line":24,"column":0},"end":{"line":24,"column":16}}},"fnMap":{"0":{"name":"Controller","decl":{"start":{"line":4,"column":16},"end":{"line":4,"column":26}},"loc":{"start":{"line":4,"column":70},"end":{"line":11,"column":1}}},"1":{"name":"(anonymous_1)","decl":{"start":{"line":5,"column":9},"end":{"line":5,"column":10}},"loc":{"start":{"line":5,"column":30},"end":{"line":10,"column":3}}},"2":{"name":"getControllerDoc","decl":{"start":{"line":13,"column":16},"end":{"line":13,"column":32}},"loc":{"start":{"line":13,"column":58},"end":{"line":22,"column":1}}},"3":{"name":"initControllerMiddleware","decl":{"start":{"line":24,"column":16},"end":{"line":24,"column":40}},"loc":{"start":{"line":24,"column":88},"end":{"line":27,"column":1}}}},"branchMap":{"0":{"loc":{"start":{"line":4,"column":68},"end":{"line":4,"column":70}},"type":"default-arg","locations":[{"start":{"line":4,"column":68},"end":{"line":4,"column":70}}]},"1":{"loc":{"start":{"line":14,"column":2},"end":{"line":20,"column":null}},"type":"if","locations":[{"start":{"line":14,"column":2},"end":{"line":20,"column":null}},{"start":{"line":14,"column":2},"end":{"line":20,"column":null}}]},"2":{"loc":{"start":{"line":26,"column":2},"end":{"line":26,"column":81}},"type":"if","locations":[{"start":{"line":26,"column":2},"end":{"line":26,"column":81}},{"start":{"line":26,"column":2},"end":{"line":26,"column":81}}]}},"s":{"0":2,"1":2,"2":2,"3":2,"4":2,"5":1,"6":5,"7":2,"8":5,"9":1,"10":2,"11":2,"12":1,"13":1},"f":{"0":2,"1":2,"2":5,"3":2},"b":{"0":[1],"1":[2,3],"2":[1,1]}}
,"/Users/mwinberry/npmPackages/DocTS/src/Decorators/HttpError.ts": {"path":"/Users/mwinberry/npmPackages/DocTS/src/Decorators/HttpError.ts","statementMap":{"0":{"start":{"line":5,"column":4},"end":{"line":5,"column":19}},"1":{"start":{"line":4,"column":21},"end":{"line":4,"column":33}},"2":{"start":{"line":4,"column":42},"end":{"line":4,"column":57}},"3":{"start":{"line":3,"column":0},"end":{"line":3,"column":13}},"4":{"start":{"line":9,"column":31},"end":{"line":16,"column":1}},"5":{"start":{"line":10,"column":2},"end":{"line":10,"column":29}},"6":{"start":{"line":11,"column":2},"end":{"line":15,"column":null}},"7":{"start":{"line":12,"column":4},"end":{"line":12,"column":78}},"8":{"start":{"line":14,"column":4},"end":{"line":14,"column":79}},"9":{"start":{"line":9,"column":13},"end":{"line":9,"column":31}},"10":{"start":{"line":23,"column":25},"end":{"line":23,"column":41}},"11":{"start":{"line":24,"column":2},"end":{"line":31,"column":4}},"12":{"start":{"line":25,"column":4},"end":{"line":30,"column":null}},"13":{"start":{"line":26,"column":6},"end":{"line":26,"column":45}},"14":{"start":{"line":28,"column":6},"end":{"line":28,"column":27}},"15":{"start":{"line":29,"column":6},"end":{"line":29,"column":36}},"16":{"start":{"line":32,"column":2},"end":{"line":32,"column":20}},"17":{"start":{"line":18,"column":0},"end":{"line":18,"column":16}}},"fnMap":{"0":{"name":"(anonymous_7)","decl":{"start":{"line":4,"column":2},"end":{"line":4,"column":21}},"loc":{"start":{"line":4,"column":57},"end":{"line":6,"column":3}}},"1":{"name":"(anonymous_8)","decl":{"start":{"line":9,"column":31},"end":{"line":9,"column":32}},"loc":{"start":{"line":9,"column":69},"end":{"line":16,"column":1}}},"2":{"name":"HttpErrorHandler","decl":{"start":{"line":18,"column":16},"end":{"line":18,"column":32}},"loc":{"start":{"line":21,"column":32},"end":{"line":33,"column":1}}},"3":{"name":"(anonymous_10)","decl":{"start":{"line":24,"column":21},"end":{"line":24,"column":37}},"loc":{"start":{"line":24,"column":51},"end":{"line":31,"column":4}}}},"branchMap":{"0":{"loc":{"start":{"line":11,"column":2},"end":{"line":15,"column":null}},"type":"if","locations":[{"start":{"line":11,"column":2},"end":{"line":15,"column":null}},{"start":{"line":11,"column":2},"end":{"line":15,"column":null}}]}},"s":{"0":3,"1":3,"2":3,"3":1,"4":1,"5":4,"6":4,"7":3,"8":1,"9":1,"10":4,"11":4,"12":2,"13":2,"14":1,"15":1,"16":4,"17":1},"f":{"0":3,"1":4,"2":4,"3":2},"b":{"0":[3,1]}}
,"/Users/mwinberry/npmPackages/DocTS/src/Decorators/Router.ts": {"path":"/Users/mwinberry/npmPackages/DocTS/src/Decorators/Router.ts","statementMap":{"0":{"start":{"line":2,"column":0},"end":{"line":2,"column":56}},"1":{"start":{"line":10,"column":2},"end":{"line":23,"column":4}},"2":{"start":{"line":15,"column":17},"end":{"line":15,"column":41}},"3":{"start":{"line":16,"column":4},"end":{"line":16,"column":89}},"4":{"start":{"line":17,"column":4},"end":{"line":19,"column":null}},"5":{"start":{"line":18,"column":6},"end":{"line":18,"column":63}},"6":{"start":{"line":20,"column":4},"end":{"line":20,"column":32}},"7":{"start":{"line":21,"column":4},"end":{"line":21,"column":18}},"8":{"start":{"line":22,"column":4},"end":{"line":22,"column":22}},"9":{"start":{"line":6,"column":0},"end":{"line":6,"column":16}},"10":{"start":{"line":27,"column":2},"end":{"line":30,"column":5}},"11":{"start":{"line":28,"column":19},"end":{"line":28,"column":35}},"12":{"start":{"line":29,"column":4},"end":{"line":29,"column":64}},"13":{"start":{"line":26,"column":0},"end":{"line":26,"column":16}},"14":{"start":{"line":34,"column":18},"end":{"line":34,"column":46}},"15":{"start":{"line":35,"column":15},"end":{"line":35,"column":66}},"16":{"start":{"line":36,"column":2},"end":{"line":45,"column":7}},"17":{"start":{"line":37,"column":17},"end":{"line":37,"column":35}},"18":{"start":{"line":39,"column":23},"end":{"line":39,"column":41}},"19":{"start":{"line":40,"column":6},"end":{"line":40,"column":53}},"20":{"start":{"line":41,"column":6},"end":{"line":43,"column":8}},"21":{"start":{"line":44,"column":6},"end":{"line":44,"column":115}},"22":{"start":{"line":46,"column":2},"end":{"line":46,"column":20}},"23":{"start":{"line":33,"column":0},"end":{"line":33,"column":16}},"24":{"start":{"line":50,"column":15},"end":{"line":50,"column":66}},"25":{"start":{"line":51,"column":2},"end":{"line":53,"column":5}},"26":{"start":{"line":52,"column":4},"end":{"line":52,"column":58}},"27":{"start":{"line":49,"column":0},"end":{"line":49,"column":16}}},"fnMap":{"0":{"name":"Route","decl":{"start":{"line":6,"column":16},"end":{"line":6,"column":21}},"loc":{"start":{"line":8,"column":73},"end":{"line":24,"column":1}}},"1":{"name":"(anonymous_1)","decl":{"start":{"line":10,"column":9},"end":{"line":10,"column":null}},"loc":{"start":{"line":13,"column":34},"end":{"line":23,"column":3}}},"2":{"name":"getRouterMethods","decl":{"start":{"line":26,"column":16},"end":{"line":26,"column":32}},"loc":{"start":{"line":26,"column":64},"end":{"line":31,"column":1}}},"3":{"name":"(anonymous_3)","decl":{"start":{"line":27,"column":78},"end":{"line":27,"column":82}},"loc":{"start":{"line":27,"column":85},"end":{"line":30,"column":3}}},"4":{"name":"initializeRoutes","decl":{"start":{"line":33,"column":16},"end":{"line":33,"column":32}},"loc":{"start":{"line":33,"column":80},"end":{"line":47,"column":1}}},"5":{"name":"(anonymous_5)","decl":{"start":{"line":37,"column":12},"end":{"line":37,"column":13}},"loc":{"start":{"line":37,"column":17},"end":{"line":37,"column":35}}},"6":{"name":"(anonymous_6)","decl":{"start":{"line":38,"column":9},"end":{"line":38,"column":10}},"loc":{"start":{"line":38,"column":13},"end":{"line":45,"column":5}}},"7":{"name":"getRoutes","decl":{"start":{"line":49,"column":16},"end":{"line":49,"column":25}},"loc":{"start":{"line":49,"column":57},"end":{"line":54,"column":1}}},"8":{"name":"(anonymous_8)","decl":{"start":{"line":51,"column":46},"end":{"line":51,"column":47}},"loc":{"start":{"line":51,"column":50},"end":{"line":53,"column":3}}}},"branchMap":{"0":{"loc":{"start":{"line":8,"column":71},"end":{"line":8,"column":73}},"type":"default-arg","locations":[{"start":{"line":8,"column":71},"end":{"line":8,"column":73}}]},"1":{"loc":{"start":{"line":8,"column":11},"end":{"line":8,"column":13}},"type":"default-arg","locations":[{"start":{"line":8,"column":11},"end":{"line":8,"column":13}}]},"2":{"loc":{"start":{"line":8,"column":28},"end":{"line":8,"column":30}},"type":"default-arg","locations":[{"start":{"line":8,"column":28},"end":{"line":8,"column":30}}]},"3":{"loc":{"start":{"line":8,"column":49},"end":{"line":8,"column":53}},"type":"default-arg","locations":[{"start":{"line":8,"column":49},"end":{"line":8,"column":53}}]},"4":{"loc":{"start":{"line":17,"column":4},"end":{"line":19,"column":null}},"type":"if","locations":[{"start":{"line":17,"column":4},"end":{"line":19,"column":null}},{"start":{"line":17,"column":4},"end":{"line":19,"column":null}}]},"5":{"loc":{"start":{"line":29,"column":11},"end":{"line":29,"column":37}},"type":"binary-expr","locations":[{"start":{"line":29,"column":11},"end":{"line":29,"column":37}},{"start":{"line":29,"column":41},"end":{"line":29,"column":63}}]}},"s":{"0":0,"1":0,"2":0,"3":0,"4":0,"5":0,"6":0,"7":0,"8":0,"9":0,"10":0,"11":0,"12":0,"13":0,"14":0,"15":0,"16":0,"17":0,"18":0,"19":0,"20":0,"21":0,"22":0,"23":0,"24":0,"25":0,"26":0,"27":0},"f":{"0":0,"1":0,"2":0,"3":0,"4":0,"5":0,"6":0,"7":0,"8":0},"b":{"0":[0],"1":[0],"2":[0],"3":[0],"4":[0,0],"5":[0,0]}}
}
