{"/Users/mwinberry/npmPackages/DocTS/src/Classes/DocApp.ts": {"path":"/Users/mwinberry/npmPackages/DocTS/src/Classes/DocApp.ts","statementMap":{"0":{"start":{"line":2,"column":0},"end":{"line":2,"column":74}},"1":{"start":{"line":8,"column":11},"end":{"line":8,"column":24}},"2":{"start":{"line":9,"column":11},"end":{"line":9,"column":27}},"3":{"start":{"line":10,"column":12},"end":{"line":10,"column":46}},"4":{"start":{"line":11,"column":12},"end":{"line":11,"column":30}},"5":{"start":{"line":12,"column":12},"end":{"line":12,"column":28}},"6":{"start":{"line":13,"column":12},"end":{"line":13,"column":26}},"7":{"start":{"line":5,"column":2},"end":{"line":5,"column":54}},"8":{"start":{"line":35,"column":2},"end":{"line":55,"column":4}},"9":{"start":{"line":36,"column":4},"end":{"line":54,"column":6}},"10":{"start":{"line":46,"column":27},"end":{"line":46,"column":29}},"11":{"start":{"line":47,"column":10},"end":{"line":49,"column":13}},"12":{"start":{"line":48,"column":12},"end":{"line":48,"column":117}},"13":{"start":{"line":50,"column":10},"end":{"line":50,"column":28}},"14":{"start":{"line":15,"column":4},"end":{"line":15,"column":33}},"15":{"start":{"line":16,"column":4},"end":{"line":16,"column":33}},"16":{"start":{"line":20,"column":4},"end":{"line":20,"column":47}},"17":{"start":{"line":24,"column":4},"end":{"line":28,"column":7}},"18":{"start":{"line":25,"column":6},"end":{"line":25,"column":45}},"19":{"start":{"line":26,"column":6},"end":{"line":26,"column":48}},"20":{"start":{"line":27,"column":6},"end":{"line":27,"column":63}},"21":{"start":{"line":30,"column":4},"end":{"line":30,"column":42}},"22":{"start":{"line":32,"column":4},"end":{"line":32,"column":55}},"23":{"start":{"line":58,"column":0},"end":{"line":58,"column":22}}},"fnMap":{"0":{"name":"(anonymous_0)","decl":{"start":{"line":7,"column":2},"end":{"line":7,"column":null}},"loc":{"start":{"line":13,"column":26},"end":{"line":17,"column":3}}},"1":{"name":"(anonymous_1)","decl":{"start":{"line":35,"column":8},"end":{"line":35,"column":9}},"loc":{"start":{"line":35,"column":47},"end":{"line":55,"column":3}}},"2":{"name":"(anonymous_2)","decl":{"start":{"line":45,"column":11},"end":{"line":45,"column":14}},"loc":{"start":{"line":45,"column":16},"end":{"line":51,"column":9}}},"3":{"name":"(anonymous_3)","decl":{"start":{"line":47,"column":30},"end":{"line":47,"column":33}},"loc":{"start":{"line":47,"column":36},"end":{"line":49,"column":11}}},"4":{"name":"(anonymous_4)","decl":{"start":{"line":19,"column":2},"end":{"line":19,"column":23}},"loc":{"start":{"line":19,"column":23},"end":{"line":21,"column":3}}},"5":{"name":"(anonymous_5)","decl":{"start":{"line":23,"column":2},"end":{"line":23,"column":23}},"loc":{"start":{"line":23,"column":23},"end":{"line":33,"column":3}}},"6":{"name":"(anonymous_6)","decl":{"start":{"line":24,"column":29},"end":{"line":24,"column":39}},"loc":{"start":{"line":24,"column":42},"end":{"line":28,"column":5}}}},"branchMap":{"0":{"loc":{"start":{"line":32,"column":4},"end":{"line":32,"column":16}},"type":"binary-expr","locations":[{"start":{"line":32,"column":4},"end":{"line":32,"column":16}},{"start":{"line":32,"column":20},"end":{"line":32,"column":54}}]}},"s":{"0":0,"1":0,"2":0,"3":0,"4":0,"5":0,"6":0,"7":0,"8":0,"9":0,"10":0,"11":0,"12":0,"13":0,"14":0,"15":0,"16":0,"17":0,"18":0,"19":0,"20":0,"21":0,"22":0,"23":0},"f":{"0":0,"1":0,"2":0,"3":0,"4":0,"5":0,"6":0},"b":{"0":[0,0]}}
,"/Users/mwinberry/npmPackages/DocTS/src/Decorators/Controller.ts": {"path":"/Users/mwinberry/npmPackages/DocTS/src/Decorators/Controller.ts","statementMap":{"0":{"start":{"line":5,"column":2},"end":{"line":10,"column":4}},"1":{"start":{"line":6,"column":17},"end":{"line":6,"column":42}},"2":{"start":{"line":7,"column":4},"end":{"line":7,"column":20}},"3":{"start":{"line":8,"column":4},"end":{"line":8,"column":58}},"4":{"start":{"line":9,"column":4},"end":{"line":9,"column":18}},"5":{"start":{"line":4,"column":0},"end":{"line":4,"column":16}},"6":{"start":{"line":14,"column":2},"end":{"line":20,"column":null}},"7":{"start":{"line":15,"column":4},"end":{"line":19,"column":6}},"8":{"start":{"line":21,"column":2},"end":{"line":21,"column":29}},"9":{"start":{"line":13,"column":0},"end":{"line":13,"column":16}},"10":{"start":{"line":25,"column":15},"end":{"line":25,"column":34}},"11":{"start":{"line":26,"column":2},"end":{"line":26,"column":71}},"12":{"start":{"line":26,"column":30},"end":{"line":26,"column":71}},"13":{"start":{"line":24,"column":0},"end":{"line":24,"column":16}}},"fnMap":{"0":{"name":"Controller","decl":{"start":{"line":4,"column":16},"end":{"line":4,"column":26}},"loc":{"start":{"line":4,"column":70},"end":{"line":11,"column":1}}},"1":{"name":"(anonymous_1)","decl":{"start":{"line":5,"column":9},"end":{"line":5,"column":10}},"loc":{"start":{"line":5,"column":62},"end":{"line":10,"column":3}}},"2":{"name":"getMeta","decl":{"start":{"line":13,"column":16},"end":{"line":13,"column":23}},"loc":{"start":{"line":13,"column":49},"end":{"line":22,"column":1}}},"3":{"name":"initBaseRoute","decl":{"start":{"line":24,"column":16},"end":{"line":24,"column":29}},"loc":{"start":{"line":24,"column":77},"end":{"line":27,"column":1}}}},"branchMap":{"0":{"loc":{"start":{"line":4,"column":68},"end":{"line":4,"column":70}},"type":"default-arg","locations":[{"start":{"line":4,"column":68},"end":{"line":4,"column":70}}]},"1":{"loc":{"start":{"line":14,"column":2},"end":{"line":20,"column":null}},"type":"if","locations":[{"start":{"line":14,"column":2},"end":{"line":20,"column":null}},{"start":{"line":14,"column":2},"end":{"line":20,"column":null}}]},"2":{"loc":{"start":{"line":26,"column":2},"end":{"line":26,"column":71}},"type":"if","locations":[{"start":{"line":26,"column":2},"end":{"line":26,"column":71}},{"start":{"line":26,"column":2},"end":{"line":26,"column":71}}]}},"s":{"0":0,"1":0,"2":0,"3":0,"4":0,"5":0,"6":0,"7":0,"8":0,"9":0,"10":0,"11":0,"12":0,"13":0},"f":{"0":0,"1":0,"2":0,"3":0},"b":{"0":[0],"1":[0,0],"2":[0,0]}}
,"/Users/mwinberry/npmPackages/DocTS/src/Decorators/HttpError.ts": {"path":"/Users/mwinberry/npmPackages/DocTS/src/Decorators/HttpError.ts","statementMap":{"0":{"start":{"line":5,"column":4},"end":{"line":5,"column":19}},"1":{"start":{"line":4,"column":21},"end":{"line":4,"column":33}},"2":{"start":{"line":4,"column":42},"end":{"line":4,"column":57}},"3":{"start":{"line":3,"column":0},"end":{"line":3,"column":13}},"4":{"start":{"line":9,"column":31},"end":{"line":15,"column":1}},"5":{"start":{"line":10,"column":2},"end":{"line":14,"column":null}},"6":{"start":{"line":11,"column":4},"end":{"line":11,"column":78}},"7":{"start":{"line":13,"column":4},"end":{"line":13,"column":79}},"8":{"start":{"line":9,"column":13},"end":{"line":9,"column":31}},"9":{"start":{"line":22,"column":25},"end":{"line":22,"column":41}},"10":{"start":{"line":23,"column":2},"end":{"line":29,"column":4}},"11":{"start":{"line":24,"column":4},"end":{"line":28,"column":null}},"12":{"start":{"line":25,"column":6},"end":{"line":25,"column":45}},"13":{"start":{"line":27,"column":6},"end":{"line":27,"column":36}},"14":{"start":{"line":30,"column":2},"end":{"line":30,"column":20}},"15":{"start":{"line":17,"column":0},"end":{"line":17,"column":16}}},"fnMap":{"0":{"name":"(anonymous_7)","decl":{"start":{"line":4,"column":2},"end":{"line":4,"column":21}},"loc":{"start":{"line":4,"column":57},"end":{"line":6,"column":3}}},"1":{"name":"(anonymous_8)","decl":{"start":{"line":9,"column":31},"end":{"line":9,"column":32}},"loc":{"start":{"line":9,"column":69},"end":{"line":15,"column":1}}},"2":{"name":"_handleHttpDecoratorReturn","decl":{"start":{"line":17,"column":16},"end":{"line":17,"column":42}},"loc":{"start":{"line":20,"column":32},"end":{"line":31,"column":1}}},"3":{"name":"(anonymous_10)","decl":{"start":{"line":23,"column":21},"end":{"line":23,"column":37}},"loc":{"start":{"line":23,"column":51},"end":{"line":29,"column":4}}}},"branchMap":{"0":{"loc":{"start":{"line":10,"column":2},"end":{"line":14,"column":null}},"type":"if","locations":[{"start":{"line":10,"column":2},"end":{"line":14,"column":null}},{"start":{"line":10,"column":2},"end":{"line":14,"column":null}}]}},"s":{"0":2,"1":2,"2":2,"3":1,"4":1,"5":3,"6":2,"7":1,"8":1,"9":0,"10":0,"11":0,"12":0,"13":0,"14":0,"15":1},"f":{"0":2,"1":3,"2":0,"3":0},"b":{"0":[2,1]}}
,"/Users/mwinberry/npmPackages/DocTS/src/Decorators/Router.ts": {"path":"/Users/mwinberry/npmPackages/DocTS/src/Decorators/Router.ts","statementMap":{"0":{"start":{"line":2,"column":0},"end":{"line":2,"column":57}},"1":{"start":{"line":9,"column":44},"end":{"line":9,"column":113}},"2":{"start":{"line":10,"column":2},"end":{"line":21,"column":4}},"3":{"start":{"line":15,"column":17},"end":{"line":15,"column":32}},"4":{"start":{"line":16,"column":4},"end":{"line":16,"column":89}},"5":{"start":{"line":17,"column":4},"end":{"line":19,"column":null}},"6":{"start":{"line":18,"column":6},"end":{"line":18,"column":73}},"7":{"start":{"line":20,"column":4},"end":{"line":20,"column":22}},"8":{"start":{"line":5,"column":0},"end":{"line":5,"column":16}},"9":{"start":{"line":25,"column":2},"end":{"line":28,"column":5}},"10":{"start":{"line":26,"column":19},"end":{"line":26,"column":35}},"11":{"start":{"line":27,"column":4},"end":{"line":27,"column":64}},"12":{"start":{"line":24,"column":0},"end":{"line":24,"column":16}},"13":{"start":{"line":32,"column":18},"end":{"line":32,"column":46}},"14":{"start":{"line":33,"column":15},"end":{"line":33,"column":57}},"15":{"start":{"line":34,"column":2},"end":{"line":43,"column":7}},"16":{"start":{"line":35,"column":17},"end":{"line":35,"column":35}},"17":{"start":{"line":37,"column":23},"end":{"line":37,"column":41}},"18":{"start":{"line":38,"column":6},"end":{"line":38,"column":53}},"19":{"start":{"line":39,"column":6},"end":{"line":41,"column":8}},"20":{"start":{"line":42,"column":6},"end":{"line":42,"column":114}},"21":{"start":{"line":44,"column":2},"end":{"line":44,"column":20}},"22":{"start":{"line":31,"column":0},"end":{"line":31,"column":16}},"23":{"start":{"line":48,"column":15},"end":{"line":48,"column":57}},"24":{"start":{"line":49,"column":2},"end":{"line":51,"column":5}},"25":{"start":{"line":50,"column":4},"end":{"line":50,"column":57}},"26":{"start":{"line":47,"column":0},"end":{"line":47,"column":16}}},"fnMap":{"0":{"name":"Route","decl":{"start":{"line":5,"column":16},"end":{"line":5,"column":21}},"loc":{"start":{"line":7,"column":90},"end":{"line":22,"column":1}}},"1":{"name":"(anonymous_1)","decl":{"start":{"line":10,"column":9},"end":{"line":10,"column":null}},"loc":{"start":{"line":13,"column":34},"end":{"line":21,"column":3}}},"2":{"name":"getRouterMethods","decl":{"start":{"line":24,"column":16},"end":{"line":24,"column":32}},"loc":{"start":{"line":24,"column":64},"end":{"line":29,"column":1}}},"3":{"name":"(anonymous_3)","decl":{"start":{"line":25,"column":78},"end":{"line":25,"column":82}},"loc":{"start":{"line":25,"column":85},"end":{"line":28,"column":3}}},"4":{"name":"initializeRoutes","decl":{"start":{"line":31,"column":16},"end":{"line":31,"column":32}},"loc":{"start":{"line":31,"column":80},"end":{"line":45,"column":1}}},"5":{"name":"(anonymous_5)","decl":{"start":{"line":35,"column":12},"end":{"line":35,"column":13}},"loc":{"start":{"line":35,"column":17},"end":{"line":35,"column":35}}},"6":{"name":"(anonymous_6)","decl":{"start":{"line":36,"column":9},"end":{"line":36,"column":10}},"loc":{"start":{"line":36,"column":13},"end":{"line":43,"column":5}}},"7":{"name":"getRoutes","decl":{"start":{"line":47,"column":16},"end":{"line":47,"column":25}},"loc":{"start":{"line":47,"column":57},"end":{"line":52,"column":1}}},"8":{"name":"(anonymous_8)","decl":{"start":{"line":49,"column":46},"end":{"line":49,"column":47}},"loc":{"start":{"line":49,"column":50},"end":{"line":51,"column":3}}}},"branchMap":{"0":{"loc":{"start":{"line":7,"column":88},"end":{"line":7,"column":90}},"type":"default-arg","locations":[{"start":{"line":7,"column":88},"end":{"line":7,"column":90}}]},"1":{"loc":{"start":{"line":17,"column":4},"end":{"line":19,"column":null}},"type":"if","locations":[{"start":{"line":17,"column":4},"end":{"line":19,"column":null}},{"start":{"line":17,"column":4},"end":{"line":19,"column":null}}]},"2":{"loc":{"start":{"line":27,"column":11},"end":{"line":27,"column":37}},"type":"binary-expr","locations":[{"start":{"line":27,"column":11},"end":{"line":27,"column":37}},{"start":{"line":27,"column":41},"end":{"line":27,"column":63}}]}},"s":{"0":0,"1":0,"2":0,"3":0,"4":0,"5":0,"6":0,"7":0,"8":0,"9":0,"10":0,"11":0,"12":0,"13":0,"14":0,"15":0,"16":0,"17":0,"18":0,"19":0,"20":0,"21":0,"22":0,"23":0,"24":0,"25":0,"26":0},"f":{"0":0,"1":0,"2":0,"3":0,"4":0,"5":0,"6":0,"7":0,"8":0},"b":{"0":[0],"1":[0,0],"2":[0,0]}}
}
