TN:
SF:src/Classes/DocApp.ts
FN:14,(anonymous_0)
FN:44,(anonymous_1)
FN:54,(anonymous_2)
FN:56,(anonymous_3)
FN:26,(anonymous_4)
FN:30,(anonymous_5)
FN:31,(anonymous_6)
FNF:7
FNH:0
FNDA:0,(anonymous_0)
FNDA:0,(anonymous_1)
FNDA:0,(anonymous_2)
FNDA:0,(anonymous_3)
FNDA:0,(anonymous_4)
FNDA:0,(anonymous_5)
FNDA:0,(anonymous_6)
DA:2,0
DA:5,0
DA:6,0
DA:15,0
DA:16,0
DA:17,0
DA:18,0
DA:19,0
DA:20,0
DA:21,0
DA:22,0
DA:23,0
DA:27,0
DA:31,0
DA:32,0
DA:33,0
DA:34,0
DA:35,0
DA:39,0
DA:41,0
DA:44,0
DA:45,0
DA:55,0
DA:56,0
DA:57,0
DA:59,0
LF:26
LH:0
BRDA:14,0,0,0
BRDA:14,1,0,0
BRDA:14,2,0,0
BRDA:14,3,0,0
BRDA:21,4,0,0
BRDA:21,4,1,0
BRDA:27,5,0,0
BRDA:27,5,1,0
BRDA:32,6,0,0
BRDA:32,6,1,0
BRDA:41,7,0,0
BRDA:41,7,1,0
BRF:12
BRH:0
end_of_record
TN:
SF:src/Decorators/Controller.ts
FN:4,Controller
FN:5,(anonymous_1)
FN:13,getControllerDoc
FN:24,initControllerMiddleware
FNF:4
FNH:4
FNDA:2,Controller
FNDA:2,(anonymous_1)
FNDA:5,getControllerDoc
FNDA:2,initControllerMiddleware
DA:4,1
DA:5,2
DA:6,2
DA:7,2
DA:8,2
DA:9,2
DA:13,1
DA:14,5
DA:15,2
DA:21,5
DA:24,1
DA:25,2
DA:26,2
LF:13
LH:13
BRDA:4,0,0,1
BRDA:14,1,0,2
BRDA:14,1,1,3
BRDA:26,2,0,1
BRDA:26,2,1,1
BRF:5
BRH:5
end_of_record
TN:
SF:src/Decorators/HttpError.ts
FN:4,(anonymous_7)
FN:9,(anonymous_8)
FN:18,HttpErrorHandler
FN:24,(anonymous_10)
FNF:4
FNH:4
FNDA:3,(anonymous_7)
FNDA:4,(anonymous_8)
FNDA:4,HttpErrorHandler
FNDA:2,(anonymous_10)
DA:3,1
DA:4,3
DA:5,3
DA:9,1
DA:10,4
DA:11,4
DA:12,3
DA:14,1
DA:18,1
DA:23,4
DA:24,4
DA:25,2
DA:26,2
DA:28,1
DA:29,1
DA:32,4
LF:16
LH:16
BRDA:11,0,0,3
BRDA:11,0,1,1
BRF:2
BRH:2
end_of_record
TN:
SF:src/Decorators/Router.ts
FN:6,Route
FN:10,(anonymous_1)
FN:26,getRouterMethods
FN:27,(anonymous_3)
FN:33,initializeRoutes
FN:37,(anonymous_5)
FN:38,(anonymous_6)
FN:49,getRoutes
FN:51,(anonymous_8)
FNF:9
FNH:0
FNDA:0,Route
FNDA:0,(anonymous_1)
FNDA:0,getRouterMethods
FNDA:0,(anonymous_3)
FNDA:0,initializeRoutes
FNDA:0,(anonymous_5)
FNDA:0,(anonymous_6)
FNDA:0,getRoutes
FNDA:0,(anonymous_8)
DA:2,0
DA:6,0
DA:10,0
DA:15,0
DA:16,0
DA:17,0
DA:18,0
DA:20,0
DA:21,0
DA:22,0
DA:26,0
DA:27,0
DA:28,0
DA:29,0
DA:33,0
DA:34,0
DA:35,0
DA:36,0
DA:37,0
DA:39,0
DA:40,0
DA:41,0
DA:44,0
DA:46,0
DA:49,0
DA:50,0
DA:51,0
DA:52,0
LF:28
LH:0
BRDA:8,0,0,0
BRDA:8,1,0,0
BRDA:8,2,0,0
BRDA:8,3,0,0
BRDA:17,4,0,0
BRDA:17,4,1,0
BRDA:29,5,0,0
BRDA:29,5,1,0
BRF:8
BRH:0
end_of_record
