TN:
SF:src/Classes/DocApp.ts
FN:7,(anonymous_0)
FN:35,(anonymous_1)
FN:45,(anonymous_2)
FN:47,(anonymous_3)
FN:19,(anonymous_4)
FN:23,(anonymous_5)
FN:24,(anonymous_6)
FNF:7
FNH:0
FNDA:0,(anonymous_0)
FNDA:0,(anonymous_1)
FNDA:0,(anonymous_2)
FNDA:0,(anonymous_3)
FNDA:0,(anonymous_4)
FNDA:0,(anonymous_5)
FNDA:0,(anonymous_6)
DA:2,0
DA:5,0
DA:8,0
DA:9,0
DA:10,0
DA:11,0
DA:12,0
DA:13,0
DA:15,0
DA:16,0
DA:20,0
DA:24,0
DA:25,0
DA:26,0
DA:27,0
DA:30,0
DA:32,0
DA:35,0
DA:36,0
DA:46,0
DA:47,0
DA:48,0
DA:50,0
DA:58,0
LF:24
LH:0
BRDA:32,0,0,0
BRDA:32,0,1,0
BRF:2
BRH:0
end_of_record
TN:
SF:src/Decorators/Controller.ts
FN:4,Controller
FN:5,(anonymous_1)
FN:13,getMeta
FN:24,initBaseRoute
FNF:4
FNH:0
FNDA:0,Controller
FNDA:0,(anonymous_1)
FNDA:0,getMeta
FNDA:0,initBaseRoute
DA:4,0
DA:5,0
DA:6,0
DA:7,0
DA:8,0
DA:9,0
DA:13,0
DA:14,0
DA:15,0
DA:21,0
DA:24,0
DA:25,0
DA:26,0
LF:13
LH:0
BRDA:4,0,0,0
BRDA:14,1,0,0
BRDA:14,1,1,0
BRDA:26,2,0,0
BRDA:26,2,1,0
BRF:5
BRH:0
end_of_record
TN:
SF:src/Decorators/HttpError.ts
FN:4,(anonymous_7)
FN:9,(anonymous_8)
FN:17,_handleHttpDecoratorReturn
FN:23,(anonymous_10)
FNF:4
FNH:2
FNDA:2,(anonymous_7)
FNDA:3,(anonymous_8)
FNDA:0,_handleHttpDecoratorReturn
FNDA:0,(anonymous_10)
DA:3,1
DA:4,2
DA:5,2
DA:9,1
DA:10,3
DA:11,2
DA:13,1
DA:17,1
DA:22,0
DA:23,0
DA:24,0
DA:25,0
DA:27,0
DA:30,0
LF:14
LH:8
BRDA:10,0,0,2
BRDA:10,0,1,1
BRF:2
BRH:2
end_of_record
TN:
SF:src/Decorators/Router.ts
FN:5,Route
FN:10,(anonymous_1)
FN:24,getRouterMethods
FN:25,(anonymous_3)
FN:31,initializeRoutes
FN:35,(anonymous_5)
FN:36,(anonymous_6)
FN:47,getRoutes
FN:49,(anonymous_8)
FNF:9
FNH:0
FNDA:0,Route
FNDA:0,(anonymous_1)
FNDA:0,getRouterMethods
FNDA:0,(anonymous_3)
FNDA:0,initializeRoutes
FNDA:0,(anonymous_5)
FNDA:0,(anonymous_6)
FNDA:0,getRoutes
FNDA:0,(anonymous_8)
DA:2,0
DA:5,0
DA:9,0
DA:10,0
DA:15,0
DA:16,0
DA:17,0
DA:18,0
DA:20,0
DA:24,0
DA:25,0
DA:26,0
DA:27,0
DA:31,0
DA:32,0
DA:33,0
DA:34,0
DA:35,0
DA:37,0
DA:38,0
DA:39,0
DA:42,0
DA:44,0
DA:47,0
DA:48,0
DA:49,0
DA:50,0
LF:27
LH:0
BRDA:7,0,0,0
BRDA:17,1,0,0
BRDA:17,1,1,0
BRDA:27,2,0,0
BRDA:27,2,1,0
BRF:5
BRH:0
end_of_record
